[22.04.2023 12:43:40,519] [main] INFO  org.jgap.gp.impl.GPGenotype  - Evolving generation 33, memory free: 100.2 MB
[22.04.2023 12:43:40,535] [main] INFO  org.jgap.gp.impl.GPGenotype  - Evolving generation 34, memory free: 85.2 MB
[22.04.2023 12:43:40,542] [main] INFO  org.jgap.gp.impl.GPGenotype  - Evolving generation 35, memory free: 70.2 MB
[22.04.2023 12:43:40,557] [main] INFO  org.jgap.gp.impl.GPGenotype  - Evolving generation 36, memory free: 155.2 MB
[22.04.2023 12:43:40,568] [main] INFO  org.jgap.gp.impl.GPGenotype  - Evolving generation 37, memory free: 140.2 MB
[22.04.2023 12:43:40,579] [main] INFO  org.jgap.gp.impl.GPGenotype  - Evolving generation 38, memory free: 125.2 MB
[22.04.2023 12:43:40,597] [main] INFO  org.jgap.gp.impl.GPGenotype  - Evolving generation 39, memory free: 109.2 MB
[22.04.2023 12:43:40,614] [main] INFO  org.jgap.gp.impl.GPGenotype  - Evolving generation 40, memory free: 94.2 MB
[22.04.2023 12:43:40,631] [main] INFO  org.jgap.gp.impl.GPGenotype  - Evolving generation 41, memory free: 80.2 MB
[22.04.2023 12:43:40,650] [main] INFO  org.jgap.gp.impl.GPGenotype  - Evolving generation 42, memory free: 163.1 MB
[22.04.2023 12:43:40,659] [main] INFO  org.jgap.gp.impl.GPGenotype  - Evolving generation 43, memory free: 148.1 MB
[22.04.2023 12:43:40,675] [main] INFO  org.jgap.gp.impl.GPGenotype  - Evolving generation 44, memory free: 133.1 MB
[22.04.2023 12:43:40,691] [main] INFO  org.jgap.gp.impl.GPGenotype  - Evolving generation 45, memory free: 118.1 MB
[22.04.2023 12:43:40,704] [main] INFO  org.jgap.gp.impl.GPGenotype  - Evolving generation 46, memory free: 102.1 MB
[22.04.2023 12:43:40,716] [main] INFO  org.jgap.gp.impl.GPGenotype  - Evolving generation 47, memory free: 87.1 MB
[22.04.2023 12:43:40,725] [main] INFO  org.jgap.gp.impl.GPGenotype  - Evolving generation 48, memory free: 72.1 MB
[22.04.2023 12:43:40,745] [main] INFO  org.jgap.gp.impl.GPGenotype  - Evolving generation 49, memory free: 155.7 MB
[22.04.2023 12:43:40,758] [main] INFO  org.jgap.gp.impl.GPGenotype  - Evolving generation 50, memory free: 140.7 MB
[22.04.2023 12:43:40,775] [main] INFO  org.jgap.gp.impl.GPGenotype  - Evolving generation 51, memory free: 124.7 MB
[22.04.2023 12:43:40,785] [main] INFO  org.jgap.gp.impl.GPGenotype  - Evolving generation 52, memory free: 109.7 MB
[22.04.2023 12:43:40,792] [main] INFO  org.jgap.gp.impl.GPGenotype  - Evolving generation 53, memory free: 94.7 MB
[22.04.2023 12:43:40,803] [main] INFO  org.jgap.gp.impl.GPGenotype  - Evolving generation 54, memory free: 79.7 MB
[22.04.2023 12:43:40,816] [main] INFO  org.jgap.gp.impl.GPGenotype  - Evolving generation 55, memory free: 206.4 MB
[22.04.2023 12:43:40,828] [main] INFO  org.jgap.gp.impl.GPGenotype  - Evolving generation 56, memory free: 191.4 MB
[22.04.2023 12:43:40,845] [main] INFO  org.jgap.gp.impl.GPGenotype  - Evolving generation 57, memory free: 176.4 MB
[22.04.2023 12:43:40,854] [main] INFO  org.jgap.gp.impl.GPGenotype  - Evolving generation 58, memory free: 161.4 MB
[22.04.2023 12:43:40,864] [main] INFO  org.jgap.gp.impl.GPGenotype  - Evolving generation 59, memory free: 146.4 MB
[22.04.2023 12:43:40,878] [main] INFO  org.jgap.gp.impl.GPGenotype  - Evolving generation 60, memory free: 131.4 MB
[22.04.2023 12:43:40,886] [main] INFO  org.jgap.gp.impl.GPGenotype  - Evolving generation 61, memory free: 116.0 MB
[22.04.2023 12:43:40,896] [main] INFO  org.jgap.gp.impl.GPGenotype  - Evolving generation 62, memory free: 100.4 MB
[22.04.2023 12:43:40,909] [main] INFO  org.jgap.gp.impl.GPGenotype  - Evolving generation 63, memory free: 85.4 MB
[22.04.2023 12:43:40,919] [main] INFO  org.jgap.gp.impl.GPGenotype  - Evolving generation 64, memory free: 196.7 MB
[22.04.2023 12:43:40,926] [main] INFO  org.jgap.gp.impl.GPGenotype  - Evolving generation 65, memory free: 181.7 MB
[22.04.2023 12:43:40,939] [main] INFO  org.jgap.gp.impl.GPGenotype  - Evolving generation 66, memory free: 165.7 MB
[22.04.2023 12:43:40,949] [main] INFO  org.jgap.gp.impl.GPGenotype  - Evolving generation 67, memory free: 150.7 MB
[22.04.2023 12:43:40,955] [main] INFO  org.jgap.gp.impl.GPGenotype  - Evolving generation 68, memory free: 135.7 MB
[22.04.2023 12:43:40,964] [main] INFO  org.jgap.gp.impl.GPGenotype  - Evolving generation 69, memory free: 120.7 MB
[22.04.2023 12:43:40,977] [main] INFO  org.jgap.gp.impl.GPGenotype  - Evolving generation 70, memory free: 105.7 MB
[22.04.2023 12:43:40,985] [main] INFO  org.jgap.gp.impl.GPGenotype  - Evolving generation 71, memory free: 90.7 MB
[22.04.2023 12:43:40,993] [main] INFO  org.jgap.gp.impl.GPGenotype  - Evolving generation 72, memory free: 201.7 MB
[22.04.2023 12:43:41,007] [main] INFO  org.jgap.gp.impl.GPGenotype  - Evolving generation 73, memory free: 186.7 MB
[22.04.2023 12:43:41,016] [main] INFO  org.jgap.gp.impl.GPGenotype  - Evolving generation 74, memory free: 171.7 MB
[22.04.2023 12:43:41,023] [main] INFO  org.jgap.gp.impl.GPGenotype  - Evolving generation 75, memory free: 156.7 MB
[22.04.2023 12:43:41,033] [main] INFO  org.jgap.gp.impl.GPGenotype  - Evolving generation 76, memory free: 141.7 MB
[22.04.2023 12:43:41,045] [main] INFO  org.jgap.gp.impl.GPGenotype  - Evolving generation 77, memory free: 126.7 MB
[22.04.2023 12:43:41,052] [main] INFO  org.jgap.gp.impl.GPGenotype  - Evolving generation 78, memory free: 110.7 MB
[22.04.2023 12:43:41,059] [main] INFO  org.jgap.gp.impl.GPGenotype  - Evolving generation 79, memory free: 95.7 MB
[22.04.2023 12:43:41,074] [main] INFO  org.jgap.gp.impl.GPGenotype  - Evolving generation 80, memory free: 206.4 MB
[22.04.2023 12:43:41,082] [main] INFO  org.jgap.gp.impl.GPGenotype  - Evolving generation 81, memory free: 191.4 MB
[22.04.2023 12:43:41,089] [main] INFO  org.jgap.gp.impl.GPGenotype  - Evolving generation 82, memory free: 176.4 MB
[22.04.2023 12:43:41,099] [main] INFO  org.jgap.gp.impl.GPGenotype  - Evolving generation 83, memory free: 161.4 MB
[22.04.2023 12:43:41,110] [main] INFO  org.jgap.gp.impl.GPGenotype  - Evolving generation 84, memory free: 146.4 MB
[22.04.2023 12:43:41,117] [main] INFO  org.jgap.gp.impl.GPGenotype  - Evolving generation 85, memory free: 131.4 MB
[22.04.2023 12:43:41,125] [main] INFO  org.jgap.gp.impl.GPGenotype  - Evolving generation 86, memory free: 116.4 MB
[22.04.2023 12:43:41,135] [main] INFO  org.jgap.gp.impl.GPGenotype  - Evolving generation 87, memory free: 101.4 MB
[22.04.2023 12:43:41,146] [main] INFO  org.jgap.gp.impl.GPGenotype  - Evolving generation 88, memory free: 86.4 MB
[22.04.2023 12:43:41,156] [main] INFO  org.jgap.gp.impl.GPGenotype  - Evolving generation 89, memory free: 242.6 MB
[22.04.2023 12:43:41,169] [main] INFO  org.jgap.gp.impl.GPGenotype  - Evolving generation 90, memory free: 227.6 MB
[22.04.2023 12:43:41,181] [main] INFO  org.jgap.gp.impl.GPGenotype  - Evolving generation 91, memory free: 212.6 MB
[22.04.2023 12:43:41,190] [main] INFO  org.jgap.gp.impl.GPGenotype  - Best solution fitness: 0.0
[22.04.2023 12:43:41,190] [main] INFO  org.jgap.gp.impl.GPGenotype  - Best solution: (X + 1.0) + ((((X * X) - X) * ((X * X) - X)) - X)
[22.04.2023 12:43:41,190] [main] INFO  org.jgap.gp.impl.GPGenotype  - Depth of chrom: 5
[22.04.2023 12:43:41,190] [main] INFO  org.jgap.gp.impl.GPGenotype  - Best solution fitness: 0.0
[22.04.2023 12:43:41,190] [main] INFO  org.jgap.gp.impl.GPGenotype  - Best solution: (X + 1.0) + ((((X * X) - X) * ((X * X) - X)) - X)
[22.04.2023 12:43:41,190] [main] INFO  org.jgap.gp.impl.GPGenotype  - Depth of chrom: 5
[22.04.2023 12:44:06,054] [main] INFO  org.jgap.gp.impl.GPGenotype  - Creating initial population
[22.04.2023 12:44:06,060] [main] INFO  org.jgap.gp.impl.GPGenotype  - Mem free: 40.0 MB
[22.04.2023 12:44:06,071] [main] INFO  org.jgap.gp.impl.GPPopulation  - Prototype program set
[22.04.2023 12:44:06,097] [main] INFO  org.jgap.gp.impl.GPGenotype  - Mem free after creating population: 14.0 MB
[22.04.2023 12:44:06,099] [main] INFO  org.jgap.gp.impl.GPGenotype  - Your configuration does not contain unused commands, this is good
[22.04.2023 12:44:06,100] [main] INFO  org.jgap.gp.impl.GPGenotype  - Evolving generation 0, memory free: 10.8 MB
[22.04.2023 12:44:06,146] [main] INFO  org.jgap.gp.impl.GPGenotype  - Best solution fitness: 45.0
[22.04.2023 12:44:06,147] [main] INFO  org.jgap.gp.impl.GPGenotype  - Best solution: ((X * 5.0) - 5.0) * X
[22.04.2023 12:44:06,148] [main] INFO  org.jgap.gp.impl.GPGenotype  - Depth of chrom: 3
[22.04.2023 12:44:06,149] [main] INFO  org.jgap.gp.impl.GPGenotype  - Evolving generation 1, memory free: 9.0 MB
[22.04.2023 12:44:06,195] [main] INFO  org.jgap.gp.impl.GPGenotype  - Evolving generation 2, memory free: 120.1 MB
[22.04.2023 12:44:06,236] [main] INFO  org.jgap.gp.impl.GPGenotype  - Evolving generation 3, memory free: 105.1 MB
[22.04.2023 12:44:06,271] [main] INFO  org.jgap.gp.impl.GPGenotype  - Best solution fitness: 20.0
[22.04.2023 12:44:06,272] [main] INFO  org.jgap.gp.impl.GPGenotype  - Best solution: ((1.0 * 1.0) * (X - 1.0)) * (((X - 1.0) * X) * X)
[22.04.2023 12:44:06,272] [main] INFO  org.jgap.gp.impl.GPGenotype  - Depth of chrom: 4
[22.04.2023 12:44:06,272] [main] INFO  org.jgap.gp.impl.GPGenotype  - Evolving generation 4, memory free: 90.0 MB
[22.04.2023 12:44:06,295] [main] INFO  org.jgap.gp.impl.GPGenotype  - Evolving generation 5, memory free: 75.2 MB
[22.04.2023 12:44:06,313] [main] INFO  org.jgap.gp.impl.GPGenotype  - Evolving generation 6, memory free: 60.3 MB
[22.04.2023 12:44:06,331] [main] INFO  org.jgap.gp.impl.GPGenotype  - Evolving generation 7, memory free: 123.2 MB
[22.04.2023 12:44:06,340] [main] INFO  org.jgap.gp.impl.GPGenotype  - Evolving generation 8, memory free: 108.2 MB
[22.04.2023 12:44:06,352] [main] INFO  org.jgap.gp.impl.GPGenotype  - Evolving generation 9, memory free: 93.2 MB
[22.04.2023 12:44:06,367] [main] INFO  org.jgap.gp.impl.GPGenotype  - Evolving generation 10, memory free: 77.2 MB
[22.04.2023 12:44:06,376] [main] INFO  org.jgap.gp.impl.GPGenotype  - Evolving generation 11, memory free: 62.2 MB
[22.04.2023 12:44:06,388] [main] INFO  org.jgap.gp.impl.GPGenotype  - Evolving generation 12, memory free: 125.1 MB
[22.04.2023 12:44:06,404] [main] INFO  org.jgap.gp.impl.GPGenotype  - Evolving generation 13, memory free: 110.1 MB
[22.04.2023 12:44:06,416] [main] INFO  org.jgap.gp.impl.GPGenotype  - Evolving generation 14, memory free: 94.1 MB
[22.04.2023 12:44:06,432] [main] INFO  org.jgap.gp.impl.GPGenotype  - Evolving generation 15, memory free: 80.1 MB
[22.04.2023 12:44:06,445] [main] INFO  org.jgap.gp.impl.GPGenotype  - Evolving generation 16, memory free: 64.1 MB
[22.04.2023 12:44:06,468] [main] INFO  org.jgap.gp.impl.GPGenotype  - Evolving generation 17, memory free: 127.1 MB
[22.04.2023 12:44:06,480] [main] INFO  org.jgap.gp.impl.GPGenotype  - Evolving generation 18, memory free: 112.1 MB
[22.04.2023 12:44:06,503] [main] INFO  org.jgap.gp.impl.GPGenotype  - Evolving generation 19, memory free: 96.1 MB
[22.04.2023 12:44:06,516] [main] INFO  org.jgap.gp.impl.GPGenotype  - Evolving generation 20, memory free: 81.1 MB
[22.04.2023 12:44:06,532] [main] INFO  org.jgap.gp.impl.GPGenotype  - Evolving generation 21, memory free: 66.1 MB
[22.04.2023 12:44:06,544] [main] INFO  org.jgap.gp.impl.GPGenotype  - Evolving generation 22, memory free: 199.2 MB
[22.04.2023 12:44:06,569] [main] INFO  org.jgap.gp.impl.GPGenotype  - Evolving generation 23, memory free: 184.2 MB
[22.04.2023 12:44:06,587] [main] INFO  org.jgap.gp.impl.GPGenotype  - Evolving generation 24, memory free: 169.2 MB
[22.04.2023 12:44:06,608] [main] INFO  org.jgap.gp.impl.GPGenotype  - Evolving generation 25, memory free: 154.2 MB
[22.04.2023 12:44:06,620] [main] INFO  org.jgap.gp.impl.GPGenotype  - Evolving generation 26, memory free: 139.2 MB
[22.04.2023 12:44:06,638] [main] INFO  org.jgap.gp.impl.GPGenotype  - Evolving generation 27, memory free: 124.2 MB
[22.04.2023 12:44:06,649] [main] INFO  org.jgap.gp.impl.GPGenotype  - Evolving generation 28, memory free: 109.2 MB
[22.04.2023 12:44:06,657] [main] INFO  org.jgap.gp.impl.GPGenotype  - Evolving generation 29, memory free: 95.2 MB
[22.04.2023 12:44:06,677] [main] INFO  org.jgap.gp.impl.GPGenotype  - Evolving generation 30, memory free: 199.3 MB
[22.04.2023 12:44:06,685] [main] INFO  org.jgap.gp.impl.GPGenotype  - Evolving generation 31, memory free: 184.3 MB
[22.04.2023 12:44:06,696] [main] INFO  org.jgap.gp.impl.GPGenotype  - Evolving generation 32, memory free: 169.3 MB
[22.04.2023 12:44:06,714] [main] INFO  org.jgap.gp.impl.GPGenotype  - Evolving generation 33, memory free: 154.3 MB
[22.04.2023 12:44:06,722] [main] INFO  org.jgap.gp.impl.GPGenotype  - Evolving generation 34, memory free: 139.3 MB
[22.04.2023 12:44:06,737] [main] INFO  org.jgap.gp.impl.GPGenotype  - Evolving generation 35, memory free: 124.3 MB
[22.04.2023 12:44:06,750] [main] INFO  org.jgap.gp.impl.GPGenotype  - Evolving generation 36, memory free: 108.3 MB
[22.04.2023 12:44:06,760] [main] INFO  org.jgap.gp.impl.GPGenotype  - Evolving generation 37, memory free: 94.3 MB
[22.04.2023 12:44:06,781] [main] INFO  org.jgap.gp.impl.GPGenotype  - Evolving generation 38, memory free: 197.9 MB
[22.04.2023 12:44:06,794] [main] INFO  org.jgap.gp.impl.GPGenotype  - Evolving generation 39, memory free: 182.9 MB
[22.04.2023 12:44:06,816] [main] INFO  org.jgap.gp.impl.GPGenotype  - Evolving generation 40, memory free: 166.9 MB
[22.04.2023 12:44:06,828] [main] INFO  org.jgap.gp.impl.GPGenotype  - Evolving generation 41, memory free: 151.9 MB
[22.04.2023 12:44:06,844] [main] INFO  org.jgap.gp.impl.GPGenotype  - Evolving generation 42, memory free: 136.9 MB
[22.04.2023 12:44:06,855] [main] INFO  org.jgap.gp.impl.GPGenotype  - Evolving generation 43, memory free: 121.9 MB
[22.04.2023 12:44:06,869] [main] INFO  org.jgap.gp.impl.GPGenotype  - Evolving generation 44, memory free: 106.9 MB
[22.04.2023 12:44:06,881] [main] INFO  org.jgap.gp.impl.GPGenotype  - Evolving generation 45, memory free: 91.9 MB
[22.04.2023 12:44:06,891] [main] INFO  org.jgap.gp.impl.GPGenotype  - Evolving generation 46, memory free: 195.6 MB
[22.04.2023 12:44:06,907] [main] INFO  org.jgap.gp.impl.GPGenotype  - Evolving generation 47, memory free: 180.6 MB
[22.04.2023 12:44:06,917] [main] INFO  org.jgap.gp.impl.GPGenotype  - Evolving generation 48, memory free: 165.6 MB
[22.04.2023 12:44:06,927] [main] INFO  org.jgap.gp.impl.GPGenotype  - Evolving generation 49, memory free: 150.6 MB
[22.04.2023 12:44:06,943] [main] INFO  org.jgap.gp.impl.GPGenotype  - Evolving generation 50, memory free: 135.6 MB
[22.04.2023 12:44:06,951] [main] INFO  org.jgap.gp.impl.GPGenotype  - Evolving generation 51, memory free: 120.6 MB
[22.04.2023 12:44:06,960] [main] INFO  org.jgap.gp.impl.GPGenotype  - Evolving generation 52, memory free: 105.6 MB
[22.04.2023 12:44:06,974] [main] INFO  org.jgap.gp.impl.GPGenotype  - Evolving generation 53, memory free: 90.6 MB
[22.04.2023 12:44:06,984] [main] INFO  org.jgap.gp.impl.GPGenotype  - Evolving generation 54, memory free: 195.6 MB
[22.04.2023 12:44:06,994] [main] INFO  org.jgap.gp.impl.GPGenotype  - Evolving generation 55, memory free: 180.6 MB
[22.04.2023 12:44:07,005] [main] INFO  org.jgap.gp.impl.GPGenotype  - Evolving generation 56, memory free: 165.6 MB
[22.04.2023 12:44:07,015] [main] INFO  org.jgap.gp.impl.GPGenotype  - Evolving generation 57, memory free: 150.6 MB
[22.04.2023 12:44:07,022] [main] INFO  org.jgap.gp.impl.GPGenotype  - Evolving generation 58, memory free: 135.6 MB
[22.04.2023 12:44:07,035] [main] INFO  org.jgap.gp.impl.GPGenotype  - Evolving generation 59, memory free: 120.6 MB
[22.04.2023 12:44:07,044] [main] INFO  org.jgap.gp.impl.GPGenotype  - Evolving generation 60, memory free: 105.6 MB
[22.04.2023 12:44:07,052] [main] INFO  org.jgap.gp.impl.GPGenotype  - Evolving generation 61, memory free: 89.8 MB
[22.04.2023 12:44:07,067] [main] INFO  org.jgap.gp.impl.GPGenotype  - Evolving generation 62, memory free: 236.6 MB
[22.04.2023 12:44:07,081] [main] INFO  org.jgap.gp.impl.GPGenotype  - Evolving generation 63, memory free: 221.6 MB
[22.04.2023 12:44:07,092] [main] INFO  org.jgap.gp.impl.GPGenotype  - Evolving generation 64, memory free: 206.6 MB
[22.04.2023 12:44:07,106] [main] INFO  org.jgap.gp.impl.GPGenotype  - Evolving generation 65, memory free: 190.6 MB
[22.04.2023 12:44:07,114] [main] INFO  org.jgap.gp.impl.GPGenotype  - Evolving generation 66, memory free: 175.6 MB
[22.04.2023 12:44:07,123] [main] INFO  org.jgap.gp.impl.GPGenotype  - Evolving generation 67, memory free: 160.6 MB
[22.04.2023 12:44:07,136] [main] INFO  org.jgap.gp.impl.GPGenotype  - Evolving generation 68, memory free: 145.6 MB
[22.04.2023 12:44:07,144] [main] INFO  org.jgap.gp.impl.GPGenotype  - Evolving generation 69, memory free: 130.6 MB
[22.04.2023 12:44:07,151] [main] INFO  org.jgap.gp.impl.GPGenotype  - Evolving generation 70, memory free: 116.6 MB
[22.04.2023 12:44:07,161] [main] INFO  org.jgap.gp.impl.GPGenotype  - Evolving generation 71, memory free: 101.6 MB
[22.04.2023 12:44:07,175] [main] INFO  org.jgap.gp.impl.GPGenotype  - Evolving generation 72, memory free: 230.6 MB
[22.04.2023 12:44:07,182] [main] INFO  org.jgap.gp.impl.GPGenotype  - Evolving generation 73, memory free: 214.6 MB
[22.04.2023 12:44:07,191] [main] INFO  org.jgap.gp.impl.GPGenotype  - Evolving generation 74, memory free: 199.6 MB
[22.04.2023 12:44:07,205] [main] INFO  org.jgap.gp.impl.GPGenotype  - Evolving generation 75, memory free: 183.6 MB
[22.04.2023 12:44:07,215] [main] INFO  org.jgap.gp.impl.GPGenotype  - Evolving generation 76, memory free: 168.6 MB
[22.04.2023 12:44:07,222] [main] INFO  org.jgap.gp.impl.GPGenotype  - Evolving generation 77, memory free: 153.6 MB
[22.04.2023 12:44:07,234] [main] INFO  org.jgap.gp.impl.GPGenotype  - Evolving generation 78, memory free: 138.6 MB
[22.04.2023 12:44:07,242] [main] INFO  org.jgap.gp.impl.GPGenotype  - Evolving generation 79, memory free: 123.6 MB
[22.04.2023 12:44:07,250] [main] INFO  org.jgap.gp.impl.GPGenotype  - Evolving generation 80, memory free: 108.6 MB
[22.04.2023 12:44:07,260] [main] INFO  org.jgap.gp.impl.GPGenotype  - Evolving generation 81, memory free: 237.5 MB
[22.04.2023 12:44:07,275] [main] INFO  org.jgap.gp.impl.GPGenotype  - Evolving generation 82, memory free: 222.5 MB
[22.04.2023 12:44:07,283] [main] INFO  org.jgap.gp.impl.GPGenotype  - Evolving generation 83, memory free: 207.5 MB
[22.04.2023 12:44:07,295] [main] INFO  org.jgap.gp.impl.GPGenotype  - Evolving generation 84, memory free: 192.5 MB
[22.04.2023 12:44:07,309] [main] INFO  org.jgap.gp.impl.GPGenotype  - Evolving generation 85, memory free: 177.5 MB
[22.04.2023 12:44:07,316] [main] INFO  org.jgap.gp.impl.GPGenotype  - Evolving generation 86, memory free: 162.5 MB
[22.04.2023 12:44:07,324] [main] INFO  org.jgap.gp.impl.GPGenotype  - Evolving generation 87, memory free: 147.5 MB
[22.04.2023 12:44:07,340] [main] INFO  org.jgap.gp.impl.GPGenotype  - Evolving generation 88, memory free: 132.5 MB
[22.04.2023 12:44:07,348] [main] INFO  org.jgap.gp.impl.GPGenotype  - Evolving generation 89, memory free: 117.5 MB
[22.04.2023 12:44:07,356] [main] INFO  org.jgap.gp.impl.GPGenotype  - Evolving generation 90, memory free: 102.5 MB
[22.04.2023 12:44:07,372] [main] INFO  org.jgap.gp.impl.GPGenotype  - Evolving generation 91, memory free: 231.7 MB
[22.04.2023 12:44:07,382] [main] INFO  org.jgap.gp.impl.GPGenotype  - Evolving generation 92, memory free: 216.7 MB
[22.04.2023 12:44:07,388] [main] INFO  org.jgap.gp.impl.GPGenotype  - Evolving generation 93, memory free: 200.7 MB
[22.04.2023 12:44:07,402] [main] INFO  org.jgap.gp.impl.GPGenotype  - Evolving generation 94, memory free: 185.7 MB
[22.04.2023 12:44:07,413] [main] INFO  org.jgap.gp.impl.GPGenotype  - Evolving generation 95, memory free: 170.7 MB
[22.04.2023 12:44:07,420] [main] INFO  org.jgap.gp.impl.GPGenotype  - Evolving generation 96, memory free: 155.7 MB
[22.04.2023 12:44:07,431] [main] INFO  org.jgap.gp.impl.GPGenotype  - Evolving generation 97, memory free: 140.7 MB
[22.04.2023 12:44:07,442] [main] INFO  org.jgap.gp.impl.GPGenotype  - Best solution fitness: 5.0
[22.04.2023 12:44:07,442] [main] INFO  org.jgap.gp.impl.GPGenotype  - Best solution: (((X * X) - X) * ((X * X) - X)) + 2.0
[22.04.2023 12:44:07,442] [main] INFO  org.jgap.gp.impl.GPGenotype  - Depth of chrom: 4
[22.04.2023 12:44:07,442] [main] INFO  org.jgap.gp.impl.GPGenotype  - Evolving generation 98, memory free: 125.7 MB
[22.04.2023 12:44:07,449] [main] INFO  org.jgap.gp.impl.GPGenotype  - Evolving generation 99, memory free: 111.7 MB
[22.04.2023 12:44:07,461] [main] INFO  org.jgap.gp.impl.GPGenotype  - Evolving generation 100, memory free: 290.3 MB
[22.04.2023 12:44:07,476] [main] INFO  org.jgap.gp.impl.GPGenotype  - Best solution fitness: 0.0
[22.04.2023 12:44:07,477] [main] INFO  org.jgap.gp.impl.GPGenotype  - Best solution: (((X * X) - X) * ((X * X) - X)) + 1.0
[22.04.2023 12:44:07,477] [main] INFO  org.jgap.gp.impl.GPGenotype  - Depth of chrom: 4
[22.04.2023 12:44:07,477] [main] INFO  org.jgap.gp.impl.GPGenotype  - Best solution fitness: 0.0
[22.04.2023 12:44:07,477] [main] INFO  org.jgap.gp.impl.GPGenotype  - Best solution: (((X * X) - X) * ((X * X) - X)) + 1.0
[22.04.2023 12:44:07,477] [main] INFO  org.jgap.gp.impl.GPGenotype  - Depth of chrom: 4
[22.04.2023 13:06:03,797] [main] INFO  org.jgap.gp.impl.GPGenotype  - Creating initial population
[22.04.2023 13:06:03,805] [main] INFO  org.jgap.gp.impl.GPGenotype  - Mem free: 40.0 MB
[22.04.2023 13:06:03,812] [main] INFO  org.jgap.gp.impl.GPPopulation  - Prototype program set
[22.04.2023 13:06:03,841] [main] INFO  org.jgap.gp.impl.GPGenotype  - Mem free after creating population: 14.0 MB
[22.04.2023 13:06:03,843] [main] INFO  org.jgap.gp.impl.GPGenotype  - Your configuration does not contain unused commands, this is good
[22.04.2023 13:06:03,843] [main] INFO  org.jgap.gp.impl.GPGenotype  - Evolving generation 0, memory free: 10.7 MB
[22.04.2023 13:06:03,906] [main] INFO  org.jgap.gp.impl.GPGenotype  - Best solution fitness: 45.0
[22.04.2023 13:06:03,907] [main] INFO  org.jgap.gp.impl.GPGenotype  - Best solution: X * ((5.0 * X) - 5.0)
[22.04.2023 13:06:03,907] [main] INFO  org.jgap.gp.impl.GPGenotype  - Depth of chrom: 3
[22.04.2023 13:06:03,907] [main] INFO  org.jgap.gp.impl.GPGenotype  - Evolving generation 1, memory free: 9.0 MB
[22.04.2023 13:06:03,955] [main] INFO  org.jgap.gp.impl.GPGenotype  - Evolving generation 2, memory free: 119.9 MB
[22.04.2023 13:06:04,000] [main] INFO  org.jgap.gp.impl.GPGenotype  - Evolving generation 3, memory free: 104.7 MB
[22.04.2023 13:06:04,036] [main] INFO  org.jgap.gp.impl.GPGenotype  - Evolving generation 4, memory free: 89.7 MB
[22.04.2023 13:06:04,054] [main] INFO  org.jgap.gp.impl.GPGenotype  - Evolving generation 5, memory free: 74.7 MB
[22.04.2023 13:06:04,081] [main] INFO  org.jgap.gp.impl.GPGenotype  - Evolving generation 6, memory free: 59.5 MB
[22.04.2023 13:06:04,107] [main] INFO  org.jgap.gp.impl.GPGenotype  - Evolving generation 7, memory free: 122.2 MB
[22.04.2023 13:06:04,117] [main] INFO  org.jgap.gp.impl.GPGenotype  - Evolving generation 8, memory free: 107.2 MB
[22.04.2023 13:06:04,137] [main] INFO  org.jgap.gp.impl.GPGenotype  - Evolving generation 9, memory free: 92.2 MB
[22.04.2023 13:06:04,146] [main] INFO  org.jgap.gp.impl.GPGenotype  - Evolving generation 10, memory free: 76.4 MB
[22.04.2023 13:06:04,159] [main] INFO  org.jgap.gp.impl.GPGenotype  - Evolving generation 11, memory free: 61.2 MB
[22.04.2023 13:06:04,174] [main] INFO  org.jgap.gp.impl.GPGenotype  - Evolving generation 12, memory free: 124.1 MB
[22.04.2023 13:06:04,181] [main] INFO  org.jgap.gp.impl.GPGenotype  - Evolving generation 13, memory free: 108.1 MB
[22.04.2023 13:06:04,194] [main] INFO  org.jgap.gp.impl.GPGenotype  - Evolving generation 14, memory free: 93.1 MB
[22.04.2023 13:06:04,206] [main] INFO  org.jgap.gp.impl.GPGenotype  - Evolving generation 15, memory free: 78.1 MB
[22.04.2023 13:06:04,214] [main] INFO  org.jgap.gp.impl.GPGenotype  - Best solution fitness: 39.0
[22.04.2023 13:06:04,214] [main] INFO  org.jgap.gp.impl.GPGenotype  - Best solution: (((X * X) * X) - ((X * X) + (3.0 - X))) * X
[22.04.2023 13:06:04,214] [main] INFO  org.jgap.gp.impl.GPGenotype  - Depth of chrom: 4
[22.04.2023 13:06:04,215] [main] INFO  org.jgap.gp.impl.GPGenotype  - Evolving generation 16, memory free: 62.6 MB
[22.04.2023 13:06:04,229] [main] INFO  org.jgap.gp.impl.GPGenotype  - Best solution fitness: 20.0
[22.04.2023 13:06:04,230] [main] INFO  org.jgap.gp.impl.GPGenotype  - Best solution: ((((X * X) * X) - ((X * X) + (X * X))) * X) + (X * X)
[22.04.2023 13:06:04,230] [main] INFO  org.jgap.gp.impl.GPGenotype  - Depth of chrom: 5
[22.04.2023 13:06:04,230] [main] INFO  org.jgap.gp.impl.GPGenotype  - Evolving generation 17, memory free: 126.1 MB
[22.04.2023 13:06:04,244] [main] INFO  org.jgap.gp.impl.GPGenotype  - Evolving generation 18, memory free: 110.1 MB
[22.04.2023 13:06:04,254] [main] INFO  org.jgap.gp.impl.GPGenotype  - Evolving generation 19, memory free: 95.1 MB
[22.04.2023 13:06:04,271] [main] INFO  org.jgap.gp.impl.GPGenotype  - Evolving generation 20, memory free: 80.1 MB
[22.04.2023 13:06:04,280] [main] INFO  org.jgap.gp.impl.GPGenotype  - Evolving generation 21, memory free: 65.1 MB
[22.04.2023 13:06:04,301] [main] INFO  org.jgap.gp.impl.GPGenotype  - Evolving generation 22, memory free: 179.0 MB
[22.04.2023 13:06:04,328] [main] INFO  org.jgap.gp.impl.GPGenotype  - Evolving generation 23, memory free: 165.0 MB
[22.04.2023 13:06:04,360] [main] INFO  org.jgap.gp.impl.GPGenotype  - Evolving generation 24, memory free: 149.0 MB
[22.04.2023 13:06:04,389] [main] INFO  org.jgap.gp.impl.GPGenotype  - Evolving generation 25, memory free: 135.0 MB
[22.04.2023 13:06:04,408] [main] INFO  org.jgap.gp.impl.GPGenotype  - Evolving generation 26, memory free: 119.0 MB
[22.04.2023 13:06:04,418] [main] INFO  org.jgap.gp.impl.GPGenotype  - Evolving generation 27, memory free: 104.0 MB
[22.04.2023 13:06:04,433] [main] INFO  org.jgap.gp.impl.GPGenotype  - Evolving generation 28, memory free: 89.0 MB
[22.04.2023 13:06:04,444] [main] INFO  org.jgap.gp.impl.GPGenotype  - Evolving generation 29, memory free: 74.0 MB
[22.04.2023 13:06:04,455] [main] INFO  org.jgap.gp.impl.GPGenotype  - Evolving generation 30, memory free: 167.3 MB
[22.04.2023 13:06:04,471] [main] INFO  org.jgap.gp.impl.GPGenotype  - Evolving generation 31, memory free: 151.3 MB
[22.04.2023 13:06:04,479] [main] INFO  org.jgap.gp.impl.GPGenotype  - Evolving generation 32, memory free: 136.3 MB
[22.04.2023 13:06:04,496] [main] INFO  org.jgap.gp.impl.GPGenotype  - Evolving generation 33, memory free: 121.3 MB
[22.04.2023 13:06:04,510] [main] INFO  org.jgap.gp.impl.GPGenotype  - Evolving generation 34, memory free: 106.3 MB
[22.04.2023 13:06:04,518] [main] INFO  org.jgap.gp.impl.GPGenotype  - Evolving generation 35, memory free: 90.3 MB
[22.04.2023 13:06:04,537] [main] INFO  org.jgap.gp.impl.GPGenotype  - Evolving generation 36, memory free: 74.3 MB
[22.04.2023 13:06:04,551] [main] INFO  org.jgap.gp.impl.GPGenotype  - Evolving generation 37, memory free: 165.9 MB
[22.04.2023 13:06:04,572] [main] INFO  org.jgap.gp.impl.GPGenotype  - Evolving generation 38, memory free: 150.9 MB
[22.04.2023 13:06:04,594] [main] INFO  org.jgap.gp.impl.GPGenotype  - Evolving generation 39, memory free: 135.9 MB
[22.04.2023 13:06:04,614] [main] INFO  org.jgap.gp.impl.GPGenotype  - Evolving generation 40, memory free: 120.9 MB
[22.04.2023 13:06:04,631] [main] INFO  org.jgap.gp.impl.GPGenotype  - Evolving generation 41, memory free: 105.9 MB
[22.04.2023 13:06:04,646] [main] INFO  org.jgap.gp.impl.GPGenotype  - Evolving generation 42, memory free: 90.9 MB
[22.04.2023 13:06:04,656] [main] INFO  org.jgap.gp.impl.GPGenotype  - Evolving generation 43, memory free: 75.9 MB
[22.04.2023 13:06:04,675] [main] INFO  org.jgap.gp.impl.GPGenotype  - Evolving generation 44, memory free: 167.7 MB
[22.04.2023 13:06:04,687] [main] INFO  org.jgap.gp.impl.GPGenotype  - Evolving generation 45, memory free: 152.7 MB
[22.04.2023 13:06:04,700] [main] INFO  org.jgap.gp.impl.GPGenotype  - Evolving generation 46, memory free: 137.7 MB
[22.04.2023 13:06:04,717] [main] INFO  org.jgap.gp.impl.GPGenotype  - Evolving generation 47, memory free: 122.7 MB
[22.04.2023 13:06:04,727] [main] INFO  org.jgap.gp.impl.GPGenotype  - Evolving generation 48, memory free: 107.7 MB
[22.04.2023 13:06:04,744] [main] INFO  org.jgap.gp.impl.GPGenotype  - Evolving generation 49, memory free: 92.7 MB
[22.04.2023 13:06:04,756] [main] INFO  org.jgap.gp.impl.GPGenotype  - Evolving generation 50, memory free: 77.7 MB
[22.04.2023 13:06:04,774] [main] INFO  org.jgap.gp.impl.GPGenotype  - Evolving generation 51, memory free: 170.6 MB
[22.04.2023 13:06:04,789] [main] INFO  org.jgap.gp.impl.GPGenotype  - Evolving generation 52, memory free: 155.6 MB
[22.04.2023 13:06:04,801] [main] INFO  org.jgap.gp.impl.GPGenotype  - Evolving generation 53, memory free: 140.6 MB
[22.04.2023 13:06:04,814] [main] INFO  org.jgap.gp.impl.GPGenotype  - Evolving generation 54, memory free: 125.6 MB
[22.04.2023 13:06:04,824] [main] INFO  org.jgap.gp.impl.GPGenotype  - Evolving generation 55, memory free: 109.6 MB
[22.04.2023 13:06:04,832] [main] INFO  org.jgap.gp.impl.GPGenotype  - Evolving generation 56, memory free: 94.6 MB
[22.04.2023 13:06:04,844] [main] INFO  org.jgap.gp.impl.GPGenotype  - Evolving generation 57, memory free: 79.6 MB
[22.04.2023 13:06:04,856] [main] INFO  org.jgap.gp.impl.GPGenotype  - Evolving generation 58, memory free: 172.6 MB
[22.04.2023 13:06:04,864] [main] INFO  org.jgap.gp.impl.GPGenotype  - Evolving generation 59, memory free: 157.6 MB
[22.04.2023 13:06:04,875] [main] INFO  org.jgap.gp.impl.GPGenotype  - Evolving generation 60, memory free: 142.6 MB
[22.04.2023 13:06:04,886] [main] INFO  org.jgap.gp.impl.GPGenotype  - Evolving generation 61, memory free: 127.6 MB
[22.04.2023 13:06:04,896] [main] INFO  org.jgap.gp.impl.GPGenotype  - Evolving generation 62, memory free: 112.6 MB
[22.04.2023 13:06:04,906] [main] INFO  org.jgap.gp.impl.GPGenotype  - Evolving generation 63, memory free: 97.6 MB
[22.04.2023 13:06:04,918] [main] INFO  org.jgap.gp.impl.GPGenotype  - Evolving generation 64, memory free: 82.6 MB
[22.04.2023 13:06:04,930] [main] INFO  org.jgap.gp.impl.GPGenotype  - Evolving generation 65, memory free: 213.6 MB
[22.04.2023 13:06:04,953] [main] INFO  org.jgap.gp.impl.GPGenotype  - Evolving generation 66, memory free: 198.6 MB
[22.04.2023 13:06:04,974] [main] INFO  org.jgap.gp.impl.GPGenotype  - Best solution fitness: 5.0
[22.04.2023 13:06:04,974] [main] INFO  org.jgap.gp.impl.GPGenotype  - Best solution: (((((X * X) - X) - X) * (X * X)) + 2.0) + (X * X)
[22.04.2023 13:06:04,975] [main] INFO  org.jgap.gp.impl.GPGenotype  - Depth of chrom: 6
[22.04.2023 13:06:04,975] [main] INFO  org.jgap.gp.impl.GPGenotype  - Evolving generation 67, memory free: 183.6 MB
[22.04.2023 13:06:04,988] [main] INFO  org.jgap.gp.impl.GPGenotype  - Evolving generation 68, memory free: 168.6 MB
[22.04.2023 13:06:04,996] [main] INFO  org.jgap.gp.impl.GPGenotype  - Evolving generation 69, memory free: 152.6 MB
[22.04.2023 13:06:05,006] [main] INFO  org.jgap.gp.impl.GPGenotype  - Evolving generation 70, memory free: 137.6 MB
[22.04.2023 13:06:05,019] [main] INFO  org.jgap.gp.impl.GPGenotype  - Evolving generation 71, memory free: 122.6 MB
[22.04.2023 13:06:05,027] [main] INFO  org.jgap.gp.impl.GPGenotype  - Evolving generation 72, memory free: 108.6 MB
[22.04.2023 13:06:05,034] [main] INFO  org.jgap.gp.impl.GPGenotype  - Evolving generation 73, memory free: 93.6 MB
[22.04.2023 13:06:05,049] [main] INFO  org.jgap.gp.impl.GPGenotype  - Evolving generation 74, memory free: 210.5 MB
[22.04.2023 13:06:05,057] [main] INFO  org.jgap.gp.impl.GPGenotype  - Evolving generation 75, memory free: 195.5 MB
[22.04.2023 13:06:05,064] [main] INFO  org.jgap.gp.impl.GPGenotype  - Evolving generation 76, memory free: 180.5 MB
[22.04.2023 13:06:05,076] [main] INFO  org.jgap.gp.impl.GPGenotype  - Evolving generation 77, memory free: 165.5 MB
[22.04.2023 13:06:05,084] [main] INFO  org.jgap.gp.impl.GPGenotype  - Evolving generation 78, memory free: 150.5 MB
[22.04.2023 13:06:05,091] [main] INFO  org.jgap.gp.impl.GPGenotype  - Evolving generation 79, memory free: 135.5 MB
[22.04.2023 13:06:05,098] [main] INFO  org.jgap.gp.impl.GPGenotype  - Evolving generation 80, memory free: 120.5 MB
[22.04.2023 13:06:05,108] [main] INFO  org.jgap.gp.impl.GPGenotype  - Evolving generation 81, memory free: 105.5 MB
[22.04.2023 13:06:05,118] [main] INFO  org.jgap.gp.impl.GPGenotype  - Evolving generation 82, memory free: 90.5 MB
[22.04.2023 13:06:05,125] [main] INFO  org.jgap.gp.impl.GPGenotype  - Evolving generation 83, memory free: 207.7 MB
[22.04.2023 13:06:05,132] [main] INFO  org.jgap.gp.impl.GPGenotype  - Evolving generation 84, memory free: 192.7 MB
[22.04.2023 13:06:05,143] [main] INFO  org.jgap.gp.impl.GPGenotype  - Evolving generation 85, memory free: 177.7 MB
[22.04.2023 13:06:05,154] [main] INFO  org.jgap.gp.impl.GPGenotype  - Evolving generation 86, memory free: 162.7 MB
[22.04.2023 13:06:05,160] [main] INFO  org.jgap.gp.impl.GPGenotype  - Evolving generation 87, memory free: 147.7 MB
[22.04.2023 13:06:05,168] [main] INFO  org.jgap.gp.impl.GPGenotype  - Evolving generation 88, memory free: 132.7 MB
[22.04.2023 13:06:05,181] [main] INFO  org.jgap.gp.impl.GPGenotype  - Evolving generation 89, memory free: 117.7 MB
[22.04.2023 13:06:05,190] [main] INFO  org.jgap.gp.impl.GPGenotype  - Evolving generation 90, memory free: 102.7 MB
[22.04.2023 13:06:05,197] [main] INFO  org.jgap.gp.impl.GPGenotype  - Evolving generation 91, memory free: 87.7 MB
[22.04.2023 13:06:05,209] [main] INFO  org.jgap.gp.impl.GPGenotype  - Evolving generation 92, memory free: 204.7 MB
[22.04.2023 13:06:05,219] [main] INFO  org.jgap.gp.impl.GPGenotype  - Evolving generation 93, memory free: 189.7 MB
[22.04.2023 13:06:05,226] [main] INFO  org.jgap.gp.impl.GPGenotype  - Evolving generation 94, memory free: 174.7 MB
[22.04.2023 13:06:05,233] [main] INFO  org.jgap.gp.impl.GPGenotype  - Evolving generation 95, memory free: 159.7 MB
[22.04.2023 13:06:05,244] [main] INFO  org.jgap.gp.impl.GPGenotype  - Evolving generation 96, memory free: 144.7 MB
[22.04.2023 13:06:05,252] [main] INFO  org.jgap.gp.impl.GPGenotype  - Evolving generation 97, memory free: 129.7 MB
[22.04.2023 13:06:05,259] [main] INFO  org.jgap.gp.impl.GPGenotype  - Evolving generation 98, memory free: 114.7 MB
[22.04.2023 13:06:05,266] [main] INFO  org.jgap.gp.impl.GPGenotype  - Evolving generation 99, memory free: 100.7 MB
[22.04.2023 13:06:05,282] [main] INFO  org.jgap.gp.impl.GPGenotype  - Evolving generation 100, memory free: 263.5 MB
[22.04.2023 13:06:05,303] [main] INFO  org.jgap.gp.impl.GPGenotype  - Evolving generation 101, memory free: 247.5 MB
[22.04.2023 13:06:05,337] [main] INFO  org.jgap.gp.impl.GPGenotype  - Evolving generation 102, memory free: 232.5 MB
[22.04.2023 13:06:05,376] [main] INFO  org.jgap.gp.impl.GPGenotype  - Evolving generation 103, memory free: 217.5 MB
[22.04.2023 13:06:05,431] [main] INFO  org.jgap.gp.impl.GPGenotype  - Evolving generation 104, memory free: 202.5 MB
[22.04.2023 13:06:05,444] [main] INFO  org.jgap.gp.impl.GPGenotype  - Evolving generation 105, memory free: 187.5 MB
[22.04.2023 13:06:05,456] [main] INFO  org.jgap.gp.impl.GPGenotype  - Evolving generation 106, memory free: 172.5 MB
[22.04.2023 13:06:05,466] [main] INFO  org.jgap.gp.impl.GPGenotype  - Evolving generation 107, memory free: 157.5 MB
[22.04.2023 13:06:05,473] [main] INFO  org.jgap.gp.impl.GPGenotype  - Evolving generation 108, memory free: 142.5 MB
[22.04.2023 13:06:05,482] [main] INFO  org.jgap.gp.impl.GPGenotype  - Evolving generation 109, memory free: 127.5 MB
[22.04.2023 13:06:05,496] [main] INFO  org.jgap.gp.impl.GPGenotype  - Evolving generation 110, memory free: 113.5 MB
[22.04.2023 13:06:05,512] [main] INFO  org.jgap.gp.impl.GPGenotype  - Evolving generation 111, memory free: 257.5 MB
[22.04.2023 13:06:05,532] [main] INFO  org.jgap.gp.impl.GPGenotype  - Evolving generation 112, memory free: 242.5 MB
[22.04.2023 13:06:05,546] [main] INFO  org.jgap.gp.impl.GPGenotype  - Evolving generation 113, memory free: 227.5 MB
[22.04.2023 13:06:05,563] [main] INFO  org.jgap.gp.impl.GPGenotype  - Evolving generation 114, memory free: 212.5 MB
[22.04.2023 13:06:05,574] [main] INFO  org.jgap.gp.impl.GPGenotype  - Evolving generation 115, memory free: 197.5 MB
[22.04.2023 13:06:05,592] [main] INFO  org.jgap.gp.impl.GPGenotype  - Evolving generation 116, memory free: 182.5 MB
[22.04.2023 13:06:05,604] [main] INFO  org.jgap.gp.impl.GPGenotype  - Evolving generation 117, memory free: 166.5 MB
[22.04.2023 13:06:05,615] [main] INFO  org.jgap.gp.impl.GPGenotype  - Evolving generation 118, memory free: 151.5 MB
[22.04.2023 13:06:05,632] [main] INFO  org.jgap.gp.impl.GPGenotype  - Evolving generation 119, memory free: 136.5 MB
[22.04.2023 13:06:05,642] [main] INFO  org.jgap.gp.impl.GPGenotype  - Evolving generation 120, memory free: 121.5 MB
[22.04.2023 13:06:05,654] [main] INFO  org.jgap.gp.impl.GPGenotype  - Evolving generation 121, memory free: 106.5 MB
[22.04.2023 13:06:05,670] [main] INFO  org.jgap.gp.impl.GPGenotype  - Evolving generation 122, memory free: 251.7 MB
[22.04.2023 13:06:05,678] [main] INFO  org.jgap.gp.impl.GPGenotype  - Evolving generation 123, memory free: 236.7 MB
[22.04.2023 13:06:05,687] [main] INFO  org.jgap.gp.impl.GPGenotype  - Evolving generation 124, memory free: 221.7 MB
[22.04.2023 13:06:05,701] [main] INFO  org.jgap.gp.impl.GPGenotype  - Evolving generation 125, memory free: 205.7 MB
[22.04.2023 13:06:05,710] [main] INFO  org.jgap.gp.impl.GPGenotype  - Evolving generation 126, memory free: 190.7 MB
[22.04.2023 13:06:05,718] [main] INFO  org.jgap.gp.impl.GPGenotype  - Evolving generation 127, memory free: 175.7 MB
[22.04.2023 13:06:05,730] [main] INFO  org.jgap.gp.impl.GPGenotype  - Evolving generation 128, memory free: 160.7 MB
[22.04.2023 13:06:05,739] [main] INFO  org.jgap.gp.impl.GPGenotype  - Evolving generation 129, memory free: 145.7 MB
[22.04.2023 13:06:05,745] [main] INFO  org.jgap.gp.impl.GPGenotype  - Evolving generation 130, memory free: 130.7 MB
[22.04.2023 13:06:05,756] [main] INFO  org.jgap.gp.impl.GPGenotype  - Evolving generation 131, memory free: 115.7 MB
[22.04.2023 13:06:05,772] [main] INFO  org.jgap.gp.impl.GPGenotype  - Evolving generation 132, memory free: 260.5 MB
[22.04.2023 13:06:05,779] [main] INFO  org.jgap.gp.impl.GPGenotype  - Evolving generation 133, memory free: 245.5 MB
[22.04.2023 13:06:05,788] [main] INFO  org.jgap.gp.impl.GPGenotype  - Best solution fitness: 0.0
[22.04.2023 13:06:05,788] [main] INFO  org.jgap.gp.impl.GPGenotype  - Best solution: (1.0 + (X * X)) + ((X * X) * (((X * X) - X) - X))
[22.04.2023 13:06:05,789] [main] INFO  org.jgap.gp.impl.GPGenotype  - Depth of chrom: 5
[22.04.2023 13:06:05,789] [main] INFO  org.jgap.gp.impl.GPGenotype  - Best solution fitness: 0.0
[22.04.2023 13:06:05,789] [main] INFO  org.jgap.gp.impl.GPGenotype  - Best solution: (1.0 + (X * X)) + ((X * X) * (((X * X) - X) - X))
[22.04.2023 13:06:05,790] [main] INFO  org.jgap.gp.impl.GPGenotype  - Depth of chrom: 5
[22.04.2023 13:06:32,133] [main] INFO  org.jgap.gp.impl.GPGenotype  - Creating initial population
[22.04.2023 13:06:32,145] [main] INFO  org.jgap.gp.impl.GPGenotype  - Mem free: 40.0 MB
[22.04.2023 13:06:32,156] [main] INFO  org.jgap.gp.impl.GPPopulation  - Prototype program set
[22.04.2023 13:06:32,186] [main] INFO  org.jgap.gp.impl.GPGenotype  - Mem free after creating population: 14.0 MB
[22.04.2023 13:06:32,188] [main] INFO  org.jgap.gp.impl.GPGenotype  - Your configuration does not contain unused commands, this is good
[22.04.2023 13:06:32,190] [main] INFO  org.jgap.gp.impl.GPGenotype  - Evolving generation 0, memory free: 10.7 MB
[22.04.2023 13:06:32,248] [main] INFO  org.jgap.gp.impl.GPGenotype  - Best solution fitness: 53.0
[22.04.2023 13:06:32,248] [main] INFO  org.jgap.gp.impl.GPGenotype  - Best solution: (5.0 - X) * (X * X)
[22.04.2023 13:06:32,249] [main] INFO  org.jgap.gp.impl.GPGenotype  - Depth of chrom: 2
[22.04.2023 13:06:32,249] [main] INFO  org.jgap.gp.impl.GPGenotype  - Evolving generation 1, memory free: 9.1 MB
[22.04.2023 13:06:32,296] [main] INFO  org.jgap.gp.impl.GPGenotype  - Evolving generation 2, memory free: 119.5 MB
[22.04.2023 13:06:32,341] [main] INFO  org.jgap.gp.impl.GPGenotype  - Evolving generation 3, memory free: 104.7 MB
[22.04.2023 13:06:32,379] [main] INFO  org.jgap.gp.impl.GPGenotype  - Best solution fitness: 52.0
[22.04.2023 13:06:32,380] [main] INFO  org.jgap.gp.impl.GPGenotype  - Best solution: (X * X) * ((5.0 * 5.0) / (5.0 + X))
[22.04.2023 13:06:32,380] [main] INFO  org.jgap.gp.impl.GPGenotype  - Depth of chrom: 3
[22.04.2023 13:06:32,380] [main] INFO  org.jgap.gp.impl.GPGenotype  - Evolving generation 4, memory free: 89.4 MB
[22.04.2023 13:06:32,400] [main] INFO  org.jgap.gp.impl.GPGenotype  - Best solution fitness: 45.0
[22.04.2023 13:06:32,401] [main] INFO  org.jgap.gp.impl.GPGenotype  - Best solution: ((4.0 * X) + X) * (X - (X / X))
[22.04.2023 13:06:32,402] [main] INFO  org.jgap.gp.impl.GPGenotype  - Depth of chrom: 3
[22.04.2023 13:06:32,402] [main] INFO  org.jgap.gp.impl.GPGenotype  - Evolving generation 5, memory free: 74.2 MB
[22.04.2023 13:06:32,419] [main] INFO  org.jgap.gp.impl.GPGenotype  - Evolving generation 6, memory free: 58.8 MB
[22.04.2023 13:06:32,439] [main] INFO  org.jgap.gp.impl.GPGenotype  - Evolving generation 7, memory free: 121.2 MB
[22.04.2023 13:06:32,448] [main] INFO  org.jgap.gp.impl.GPGenotype  - Evolving generation 8, memory free: 106.2 MB
[22.04.2023 13:06:32,459] [main] INFO  org.jgap.gp.impl.GPGenotype  - Evolving generation 9, memory free: 91.2 MB
[22.04.2023 13:06:32,477] [main] INFO  org.jgap.gp.impl.GPGenotype  - Evolving generation 10, memory free: 75.2 MB
[22.04.2023 13:06:32,487] [main] INFO  org.jgap.gp.impl.GPGenotype  - Evolving generation 11, memory free: 60.2 MB
[22.04.2023 13:06:32,508] [main] INFO  org.jgap.gp.impl.GPGenotype  - Evolving generation 12, memory free: 123.2 MB
[22.04.2023 13:06:32,516] [main] INFO  org.jgap.gp.impl.GPGenotype  - Evolving generation 13, memory free: 108.2 MB
[22.04.2023 13:06:32,525] [main] INFO  org.jgap.gp.impl.GPGenotype  - Evolving generation 14, memory free: 93.2 MB
[22.04.2023 13:06:32,542] [main] INFO  org.jgap.gp.impl.GPGenotype  - Evolving generation 15, memory free: 78.2 MB
[22.04.2023 13:06:32,551] [main] INFO  org.jgap.gp.impl.GPGenotype  - Evolving generation 16, memory free: 63.2 MB
[22.04.2023 13:06:32,562] [main] INFO  org.jgap.gp.impl.GPGenotype  - Best solution fitness: 20.0
[22.04.2023 13:06:32,562] [main] INFO  org.jgap.gp.impl.GPGenotype  - Best solution: (((X * X) - (X + X)) * (X * X)) + (X * X)
[22.04.2023 13:06:32,563] [main] INFO  org.jgap.gp.impl.GPGenotype  - Depth of chrom: 4
[22.04.2023 13:06:32,563] [main] INFO  org.jgap.gp.impl.GPGenotype  - Evolving generation 17, memory free: 126.1 MB
[22.04.2023 13:06:32,576] [main] INFO  org.jgap.gp.impl.GPGenotype  - Evolving generation 18, memory free: 111.1 MB
[22.04.2023 13:06:32,585] [main] INFO  org.jgap.gp.impl.GPGenotype  - Evolving generation 19, memory free: 96.1 MB
[22.04.2023 13:06:32,601] [main] INFO  org.jgap.gp.impl.GPGenotype  - Evolving generation 20, memory free: 81.1 MB
[22.04.2023 13:06:32,614] [main] INFO  org.jgap.gp.impl.GPGenotype  - Best solution fitness: 1.0
[22.04.2023 13:06:32,614] [main] INFO  org.jgap.gp.impl.GPGenotype  - Best solution: (X * X) + ((((X * X) - (X + X)) * (X * X)) + (X / X))
[22.04.2023 13:06:32,615] [main] INFO  org.jgap.gp.impl.GPGenotype  - Depth of chrom: 5
[22.04.2023 13:06:32,615] [main] INFO  org.jgap.gp.impl.GPGenotype  - Evolving generation 21, memory free: 66.1 MB
[22.04.2023 13:06:32,633] [main] INFO  org.jgap.gp.impl.GPGenotype  - Evolving generation 22, memory free: 184.8 MB
[22.04.2023 13:06:32,663] [main] INFO  org.jgap.gp.impl.GPGenotype  - Evolving generation 23, memory free: 169.8 MB
[22.04.2023 13:06:32,692] [main] INFO  org.jgap.gp.impl.GPGenotype  - Evolving generation 24, memory free: 153.8 MB
[22.04.2023 13:06:32,723] [main] INFO  org.jgap.gp.impl.GPGenotype  - Evolving generation 25, memory free: 138.8 MB
[22.04.2023 13:06:32,747] [main] INFO  org.jgap.gp.impl.GPGenotype  - Evolving generation 26, memory free: 123.8 MB
[22.04.2023 13:06:32,756] [main] INFO  org.jgap.gp.impl.GPGenotype  - Evolving generation 27, memory free: 108.8 MB
[22.04.2023 13:06:32,771] [main] INFO  org.jgap.gp.impl.GPGenotype  - Evolving generation 28, memory free: 93.8 MB
[22.04.2023 13:06:32,781] [main] INFO  org.jgap.gp.impl.GPGenotype  - Evolving generation 29, memory free: 78.8 MB
[22.04.2023 13:06:32,792] [main] INFO  org.jgap.gp.impl.GPGenotype  - Evolving generation 30, memory free: 176.1 MB
[22.04.2023 13:06:32,807] [main] INFO  org.jgap.gp.impl.GPGenotype  - Evolving generation 31, memory free: 161.1 MB
[22.04.2023 13:06:32,816] [main] INFO  org.jgap.gp.impl.GPGenotype  - Evolving generation 32, memory free: 146.1 MB
[22.04.2023 13:06:32,827] [main] INFO  org.jgap.gp.impl.GPGenotype  - Evolving generation 33, memory free: 131.1 MB
[22.04.2023 13:06:32,842] [main] INFO  org.jgap.gp.impl.GPGenotype  - Evolving generation 34, memory free: 116.1 MB
[22.04.2023 13:06:32,852] [main] INFO  org.jgap.gp.impl.GPGenotype  - Evolving generation 35, memory free: 101.1 MB
[22.04.2023 13:06:32,867] [main] INFO  org.jgap.gp.impl.GPGenotype  - Evolving generation 36, memory free: 85.1 MB
[22.04.2023 13:06:32,887] [main] INFO  org.jgap.gp.impl.GPGenotype  - Evolving generation 37, memory free: 180.8 MB
[22.04.2023 13:06:32,904] [main] INFO  org.jgap.gp.impl.GPGenotype  - Evolving generation 38, memory free: 164.8 MB
[22.04.2023 13:06:32,917] [main] INFO  org.jgap.gp.impl.GPGenotype  - Evolving generation 39, memory free: 149.8 MB
[22.04.2023 13:06:32,926] [main] INFO  org.jgap.gp.impl.GPGenotype  - Best solution fitness: 0.0
[22.04.2023 13:06:32,928] [main] INFO  org.jgap.gp.impl.GPGenotype  - Best solution: (X - X) + (1.0 + (((X * X) - X) * ((X * X) - X)))
[22.04.2023 13:06:32,928] [main] INFO  org.jgap.gp.impl.GPGenotype  - Depth of chrom: 5
[22.04.2023 13:06:32,929] [main] INFO  org.jgap.gp.impl.GPGenotype  - Best solution fitness: 0.0
[22.04.2023 13:06:32,929] [main] INFO  org.jgap.gp.impl.GPGenotype  - Best solution: (X - X) + (1.0 + (((X * X) - X) * ((X * X) - X)))
[22.04.2023 13:06:32,930] [main] INFO  org.jgap.gp.impl.GPGenotype  - Depth of chrom: 5
